<?xml version="1.0" encoding="UTF-8"?>
<testsuite xmlns:xsi="http://www.w3.org/2001/XMLSchema-instance" xsi:noNamespaceSchemaLocation="https://maven.apache.org/surefire/maven-surefire-plugin/xsd/surefire-test-report.xsd" name="com.hikari.demo.DemoApplicationTests" time="6.34" tests="1" errors="1" skipped="0" failures="0">
  <properties>
    <property name="gopherProxySet" value="false"/>
    <property name="awt.toolkit" value="sun.lwawt.macosx.LWCToolkit"/>
    <property name="java.specification.version" value="11"/>
    <property name="sun.cpu.isalist" value=""/>
    <property name="sun.jnu.encoding" value="UTF-8"/>
    <property name="java.class.path" value="/Users/salah/github/hikari/target/test-classes:/Users/salah/github/hikari/target/classes:/Users/salah/.m2/repository/org/springframework/boot/spring-boot-starter-data-jpa/2.4.4/spring-boot-starter-data-jpa-2.4.4.jar:/Users/salah/.m2/repository/org/springframework/boot/spring-boot-starter-aop/2.4.4/spring-boot-starter-aop-2.4.4.jar:/Users/salah/.m2/repository/org/springframework/spring-aop/5.3.5/spring-aop-5.3.5.jar:/Users/salah/.m2/repository/org/aspectj/aspectjweaver/1.9.6/aspectjweaver-1.9.6.jar:/Users/salah/.m2/repository/org/springframework/boot/spring-boot-starter-jdbc/2.4.4/spring-boot-starter-jdbc-2.4.4.jar:/Users/salah/.m2/repository/com/zaxxer/HikariCP/3.4.5/HikariCP-3.4.5.jar:/Users/salah/.m2/repository/org/springframework/spring-jdbc/5.3.5/spring-jdbc-5.3.5.jar:/Users/salah/.m2/repository/jakarta/transaction/jakarta.transaction-api/1.3.3/jakarta.transaction-api-1.3.3.jar:/Users/salah/.m2/repository/jakarta/persistence/jakarta.persistence-api/2.2.3/jakarta.persistence-api-2.2.3.jar:/Users/salah/.m2/repository/org/hibernate/hibernate-core/5.4.29.Final/hibernate-core-5.4.29.Final.jar:/Users/salah/.m2/repository/org/jboss/logging/jboss-logging/3.4.1.Final/jboss-logging-3.4.1.Final.jar:/Users/salah/.m2/repository/org/javassist/javassist/3.27.0-GA/javassist-3.27.0-GA.jar:/Users/salah/.m2/repository/net/bytebuddy/byte-buddy/1.10.22/byte-buddy-1.10.22.jar:/Users/salah/.m2/repository/antlr/antlr/2.7.7/antlr-2.7.7.jar:/Users/salah/.m2/repository/org/jboss/jandex/2.2.3.Final/jandex-2.2.3.Final.jar:/Users/salah/.m2/repository/com/fasterxml/classmate/1.5.1/classmate-1.5.1.jar:/Users/salah/.m2/repository/org/dom4j/dom4j/2.1.3/dom4j-2.1.3.jar:/Users/salah/.m2/repository/org/hibernate/common/hibernate-commons-annotations/5.1.2.Final/hibernate-commons-annotations-5.1.2.Final.jar:/Users/salah/.m2/repository/org/glassfish/jaxb/jaxb-runtime/2.3.3/jaxb-runtime-2.3.3.jar:/Users/salah/.m2/repository/org/glassfish/jaxb/txw2/2.3.3/txw2-2.3.3.jar:/Users/salah/.m2/repository/com/sun/istack/istack-commons-runtime/3.0.11/istack-commons-runtime-3.0.11.jar:/Users/salah/.m2/repository/com/sun/activation/jakarta.activation/1.2.2/jakarta.activation-1.2.2.jar:/Users/salah/.m2/repository/org/springframework/data/spring-data-jpa/2.4.6/spring-data-jpa-2.4.6.jar:/Users/salah/.m2/repository/org/springframework/data/spring-data-commons/2.4.6/spring-data-commons-2.4.6.jar:/Users/salah/.m2/repository/org/springframework/spring-orm/5.3.5/spring-orm-5.3.5.jar:/Users/salah/.m2/repository/org/springframework/spring-context/5.3.5/spring-context-5.3.5.jar:/Users/salah/.m2/repository/org/springframework/spring-tx/5.3.5/spring-tx-5.3.5.jar:/Users/salah/.m2/repository/org/springframework/spring-beans/5.3.5/spring-beans-5.3.5.jar:/Users/salah/.m2/repository/org/slf4j/slf4j-api/1.7.30/slf4j-api-1.7.30.jar:/Users/salah/.m2/repository/org/springframework/spring-aspects/5.3.5/spring-aspects-5.3.5.jar:/Users/salah/.m2/repository/org/springframework/boot/spring-boot-starter-data-rest/2.4.4/spring-boot-starter-data-rest-2.4.4.jar:/Users/salah/.m2/repository/org/springframework/data/spring-data-rest-webmvc/3.4.6/spring-data-rest-webmvc-3.4.6.jar:/Users/salah/.m2/repository/org/springframework/data/spring-data-rest-core/3.4.6/spring-data-rest-core-3.4.6.jar:/Users/salah/.m2/repository/org/springframework/hateoas/spring-hateoas/1.2.5/spring-hateoas-1.2.5.jar:/Users/salah/.m2/repository/org/springframework/plugin/spring-plugin-core/2.0.0.RELEASE/spring-plugin-core-2.0.0.RELEASE.jar:/Users/salah/.m2/repository/org/atteo/evo-inflector/1.2.2/evo-inflector-1.2.2.jar:/Users/salah/.m2/repository/com/fasterxml/jackson/core/jackson-databind/2.11.4/jackson-databind-2.11.4.jar:/Users/salah/.m2/repository/com/fasterxml/jackson/core/jackson-core/2.11.4/jackson-core-2.11.4.jar:/Users/salah/.m2/repository/com/fasterxml/jackson/core/jackson-annotations/2.11.4/jackson-annotations-2.11.4.jar:/Users/salah/.m2/repository/org/springframework/boot/spring-boot-starter-web/2.4.4/spring-boot-starter-web-2.4.4.jar:/Users/salah/.m2/repository/org/springframework/boot/spring-boot-starter/2.4.4/spring-boot-starter-2.4.4.jar:/Users/salah/.m2/repository/org/springframework/boot/spring-boot-starter-logging/2.4.4/spring-boot-starter-logging-2.4.4.jar:/Users/salah/.m2/repository/ch/qos/logback/logback-classic/1.2.3/logback-classic-1.2.3.jar:/Users/salah/.m2/repository/ch/qos/logback/logback-core/1.2.3/logback-core-1.2.3.jar:/Users/salah/.m2/repository/org/apache/logging/log4j/log4j-to-slf4j/2.13.3/log4j-to-slf4j-2.13.3.jar:/Users/salah/.m2/repository/org/apache/logging/log4j/log4j-api/2.13.3/log4j-api-2.13.3.jar:/Users/salah/.m2/repository/org/slf4j/jul-to-slf4j/1.7.30/jul-to-slf4j-1.7.30.jar:/Users/salah/.m2/repository/jakarta/annotation/jakarta.annotation-api/1.3.5/jakarta.annotation-api-1.3.5.jar:/Users/salah/.m2/repository/org/yaml/snakeyaml/1.27/snakeyaml-1.27.jar:/Users/salah/.m2/repository/org/springframework/boot/spring-boot-starter-json/2.4.4/spring-boot-starter-json-2.4.4.jar:/Users/salah/.m2/repository/com/fasterxml/jackson/datatype/jackson-datatype-jdk8/2.11.4/jackson-datatype-jdk8-2.11.4.jar:/Users/salah/.m2/repository/com/fasterxml/jackson/datatype/jackson-datatype-jsr310/2.11.4/jackson-datatype-jsr310-2.11.4.jar:/Users/salah/.m2/repository/com/fasterxml/jackson/module/jackson-module-parameter-names/2.11.4/jackson-module-parameter-names-2.11.4.jar:/Users/salah/.m2/repository/org/springframework/boot/spring-boot-starter-tomcat/2.4.4/spring-boot-starter-tomcat-2.4.4.jar:/Users/salah/.m2/repository/org/apache/tomcat/embed/tomcat-embed-core/9.0.44/tomcat-embed-core-9.0.44.jar:/Users/salah/.m2/repository/org/glassfish/jakarta.el/3.0.3/jakarta.el-3.0.3.jar:/Users/salah/.m2/repository/org/apache/tomcat/embed/tomcat-embed-websocket/9.0.44/tomcat-embed-websocket-9.0.44.jar:/Users/salah/.m2/repository/org/springframework/spring-web/5.3.5/spring-web-5.3.5.jar:/Users/salah/.m2/repository/org/springframework/spring-webmvc/5.3.5/spring-webmvc-5.3.5.jar:/Users/salah/.m2/repository/org/springframework/spring-expression/5.3.5/spring-expression-5.3.5.jar:/Users/salah/.m2/repository/org/springframework/boot/spring-boot-devtools/2.4.4/spring-boot-devtools-2.4.4.jar:/Users/salah/.m2/repository/org/springframework/boot/spring-boot/2.4.4/spring-boot-2.4.4.jar:/Users/salah/.m2/repository/org/springframework/boot/spring-boot-autoconfigure/2.4.4/spring-boot-autoconfigure-2.4.4.jar:/Users/salah/.m2/repository/com/h2database/h2/1.4.200/h2-1.4.200.jar:/Users/salah/.m2/repository/org/postgresql/postgresql/42.2.19/postgresql-42.2.19.jar:/Users/salah/.m2/repository/org/checkerframework/checker-qual/3.5.0/checker-qual-3.5.0.jar:/Users/salah/.m2/repository/org/projectlombok/lombok/1.18.18/lombok-1.18.18.jar:/Users/salah/.m2/repository/org/springframework/boot/spring-boot-starter-test/2.4.4/spring-boot-starter-test-2.4.4.jar:/Users/salah/.m2/repository/org/springframework/boot/spring-boot-test/2.4.4/spring-boot-test-2.4.4.jar:/Users/salah/.m2/repository/org/springframework/boot/spring-boot-test-autoconfigure/2.4.4/spring-boot-test-autoconfigure-2.4.4.jar:/Users/salah/.m2/repository/com/jayway/jsonpath/json-path/2.4.0/json-path-2.4.0.jar:/Users/salah/.m2/repository/net/minidev/json-smart/2.3/json-smart-2.3.jar:/Users/salah/.m2/repository/net/minidev/accessors-smart/1.2/accessors-smart-1.2.jar:/Users/salah/.m2/repository/org/ow2/asm/asm/5.0.4/asm-5.0.4.jar:/Users/salah/.m2/repository/jakarta/xml/bind/jakarta.xml.bind-api/2.3.3/jakarta.xml.bind-api-2.3.3.jar:/Users/salah/.m2/repository/jakarta/activation/jakarta.activation-api/1.2.2/jakarta.activation-api-1.2.2.jar:/Users/salah/.m2/repository/org/assertj/assertj-core/3.18.1/assertj-core-3.18.1.jar:/Users/salah/.m2/repository/org/hamcrest/hamcrest/2.2/hamcrest-2.2.jar:/Users/salah/.m2/repository/org/junit/jupiter/junit-jupiter/5.7.1/junit-jupiter-5.7.1.jar:/Users/salah/.m2/repository/org/junit/jupiter/junit-jupiter-api/5.7.1/junit-jupiter-api-5.7.1.jar:/Users/salah/.m2/repository/org/apiguardian/apiguardian-api/1.1.0/apiguardian-api-1.1.0.jar:/Users/salah/.m2/repository/org/opentest4j/opentest4j/1.2.0/opentest4j-1.2.0.jar:/Users/salah/.m2/repository/org/junit/platform/junit-platform-commons/1.7.1/junit-platform-commons-1.7.1.jar:/Users/salah/.m2/repository/org/junit/jupiter/junit-jupiter-params/5.7.1/junit-jupiter-params-5.7.1.jar:/Users/salah/.m2/repository/org/junit/jupiter/junit-jupiter-engine/5.7.1/junit-jupiter-engine-5.7.1.jar:/Users/salah/.m2/repository/org/junit/platform/junit-platform-engine/1.7.1/junit-platform-engine-1.7.1.jar:/Users/salah/.m2/repository/org/mockito/mockito-core/3.6.28/mockito-core-3.6.28.jar:/Users/salah/.m2/repository/net/bytebuddy/byte-buddy-agent/1.10.22/byte-buddy-agent-1.10.22.jar:/Users/salah/.m2/repository/org/objenesis/objenesis/3.1/objenesis-3.1.jar:/Users/salah/.m2/repository/org/mockito/mockito-junit-jupiter/3.6.28/mockito-junit-jupiter-3.6.28.jar:/Users/salah/.m2/repository/org/skyscreamer/jsonassert/1.5.0/jsonassert-1.5.0.jar:/Users/salah/.m2/repository/com/vaadin/external/google/android-json/0.0.20131108.vaadin1/android-json-0.0.20131108.vaadin1.jar:/Users/salah/.m2/repository/org/springframework/spring-core/5.3.5/spring-core-5.3.5.jar:/Users/salah/.m2/repository/org/springframework/spring-jcl/5.3.5/spring-jcl-5.3.5.jar:/Users/salah/.m2/repository/org/springframework/spring-test/5.3.5/spring-test-5.3.5.jar:/Users/salah/.m2/repository/org/xmlunit/xmlunit-core/2.7.0/xmlunit-core-2.7.0.jar:"/>
    <property name="java.vm.vendor" value="Oracle Corporation"/>
    <property name="sun.arch.data.model" value="64"/>
    <property name="java.vendor.url" value="https://openjdk.java.net/"/>
    <property name="user.timezone" value=""/>
    <property name="java.vm.specification.version" value="11"/>
    <property name="os.name" value="Mac OS X"/>
    <property name="sun.java.launcher" value="SUN_STANDARD"/>
    <property name="user.country" value="FR"/>
    <property name="sun.boot.library.path" value="/Library/Java/JavaVirtualMachines/jdk-11.0.9.jdk/Contents/Home/lib"/>
    <property name="sun.java.command" value="/Users/salah/github/hikari/target/surefire/surefirebooter13339399909005808971.jar /Users/salah/github/hikari/target/surefire 2021-04-18T06-31-39_791-jvmRun1 surefire16749682491375799986tmp surefire_01537912472842049946tmp"/>
    <property name="http.nonProxyHosts" value="local|*.local|169.254/16|*.169.254/16"/>
    <property name="jdk.debug" value="release"/>
    <property name="surefire.test.class.path" value="/Users/salah/github/hikari/target/test-classes:/Users/salah/github/hikari/target/classes:/Users/salah/.m2/repository/org/springframework/boot/spring-boot-starter-data-jpa/2.4.4/spring-boot-starter-data-jpa-2.4.4.jar:/Users/salah/.m2/repository/org/springframework/boot/spring-boot-starter-aop/2.4.4/spring-boot-starter-aop-2.4.4.jar:/Users/salah/.m2/repository/org/springframework/spring-aop/5.3.5/spring-aop-5.3.5.jar:/Users/salah/.m2/repository/org/aspectj/aspectjweaver/1.9.6/aspectjweaver-1.9.6.jar:/Users/salah/.m2/repository/org/springframework/boot/spring-boot-starter-jdbc/2.4.4/spring-boot-starter-jdbc-2.4.4.jar:/Users/salah/.m2/repository/com/zaxxer/HikariCP/3.4.5/HikariCP-3.4.5.jar:/Users/salah/.m2/repository/org/springframework/spring-jdbc/5.3.5/spring-jdbc-5.3.5.jar:/Users/salah/.m2/repository/jakarta/transaction/jakarta.transaction-api/1.3.3/jakarta.transaction-api-1.3.3.jar:/Users/salah/.m2/repository/jakarta/persistence/jakarta.persistence-api/2.2.3/jakarta.persistence-api-2.2.3.jar:/Users/salah/.m2/repository/org/hibernate/hibernate-core/5.4.29.Final/hibernate-core-5.4.29.Final.jar:/Users/salah/.m2/repository/org/jboss/logging/jboss-logging/3.4.1.Final/jboss-logging-3.4.1.Final.jar:/Users/salah/.m2/repository/org/javassist/javassist/3.27.0-GA/javassist-3.27.0-GA.jar:/Users/salah/.m2/repository/net/bytebuddy/byte-buddy/1.10.22/byte-buddy-1.10.22.jar:/Users/salah/.m2/repository/antlr/antlr/2.7.7/antlr-2.7.7.jar:/Users/salah/.m2/repository/org/jboss/jandex/2.2.3.Final/jandex-2.2.3.Final.jar:/Users/salah/.m2/repository/com/fasterxml/classmate/1.5.1/classmate-1.5.1.jar:/Users/salah/.m2/repository/org/dom4j/dom4j/2.1.3/dom4j-2.1.3.jar:/Users/salah/.m2/repository/org/hibernate/common/hibernate-commons-annotations/5.1.2.Final/hibernate-commons-annotations-5.1.2.Final.jar:/Users/salah/.m2/repository/org/glassfish/jaxb/jaxb-runtime/2.3.3/jaxb-runtime-2.3.3.jar:/Users/salah/.m2/repository/org/glassfish/jaxb/txw2/2.3.3/txw2-2.3.3.jar:/Users/salah/.m2/repository/com/sun/istack/istack-commons-runtime/3.0.11/istack-commons-runtime-3.0.11.jar:/Users/salah/.m2/repository/com/sun/activation/jakarta.activation/1.2.2/jakarta.activation-1.2.2.jar:/Users/salah/.m2/repository/org/springframework/data/spring-data-jpa/2.4.6/spring-data-jpa-2.4.6.jar:/Users/salah/.m2/repository/org/springframework/data/spring-data-commons/2.4.6/spring-data-commons-2.4.6.jar:/Users/salah/.m2/repository/org/springframework/spring-orm/5.3.5/spring-orm-5.3.5.jar:/Users/salah/.m2/repository/org/springframework/spring-context/5.3.5/spring-context-5.3.5.jar:/Users/salah/.m2/repository/org/springframework/spring-tx/5.3.5/spring-tx-5.3.5.jar:/Users/salah/.m2/repository/org/springframework/spring-beans/5.3.5/spring-beans-5.3.5.jar:/Users/salah/.m2/repository/org/slf4j/slf4j-api/1.7.30/slf4j-api-1.7.30.jar:/Users/salah/.m2/repository/org/springframework/spring-aspects/5.3.5/spring-aspects-5.3.5.jar:/Users/salah/.m2/repository/org/springframework/boot/spring-boot-starter-data-rest/2.4.4/spring-boot-starter-data-rest-2.4.4.jar:/Users/salah/.m2/repository/org/springframework/data/spring-data-rest-webmvc/3.4.6/spring-data-rest-webmvc-3.4.6.jar:/Users/salah/.m2/repository/org/springframework/data/spring-data-rest-core/3.4.6/spring-data-rest-core-3.4.6.jar:/Users/salah/.m2/repository/org/springframework/hateoas/spring-hateoas/1.2.5/spring-hateoas-1.2.5.jar:/Users/salah/.m2/repository/org/springframework/plugin/spring-plugin-core/2.0.0.RELEASE/spring-plugin-core-2.0.0.RELEASE.jar:/Users/salah/.m2/repository/org/atteo/evo-inflector/1.2.2/evo-inflector-1.2.2.jar:/Users/salah/.m2/repository/com/fasterxml/jackson/core/jackson-databind/2.11.4/jackson-databind-2.11.4.jar:/Users/salah/.m2/repository/com/fasterxml/jackson/core/jackson-core/2.11.4/jackson-core-2.11.4.jar:/Users/salah/.m2/repository/com/fasterxml/jackson/core/jackson-annotations/2.11.4/jackson-annotations-2.11.4.jar:/Users/salah/.m2/repository/org/springframework/boot/spring-boot-starter-web/2.4.4/spring-boot-starter-web-2.4.4.jar:/Users/salah/.m2/repository/org/springframework/boot/spring-boot-starter/2.4.4/spring-boot-starter-2.4.4.jar:/Users/salah/.m2/repository/org/springframework/boot/spring-boot-starter-logging/2.4.4/spring-boot-starter-logging-2.4.4.jar:/Users/salah/.m2/repository/ch/qos/logback/logback-classic/1.2.3/logback-classic-1.2.3.jar:/Users/salah/.m2/repository/ch/qos/logback/logback-core/1.2.3/logback-core-1.2.3.jar:/Users/salah/.m2/repository/org/apache/logging/log4j/log4j-to-slf4j/2.13.3/log4j-to-slf4j-2.13.3.jar:/Users/salah/.m2/repository/org/apache/logging/log4j/log4j-api/2.13.3/log4j-api-2.13.3.jar:/Users/salah/.m2/repository/org/slf4j/jul-to-slf4j/1.7.30/jul-to-slf4j-1.7.30.jar:/Users/salah/.m2/repository/jakarta/annotation/jakarta.annotation-api/1.3.5/jakarta.annotation-api-1.3.5.jar:/Users/salah/.m2/repository/org/yaml/snakeyaml/1.27/snakeyaml-1.27.jar:/Users/salah/.m2/repository/org/springframework/boot/spring-boot-starter-json/2.4.4/spring-boot-starter-json-2.4.4.jar:/Users/salah/.m2/repository/com/fasterxml/jackson/datatype/jackson-datatype-jdk8/2.11.4/jackson-datatype-jdk8-2.11.4.jar:/Users/salah/.m2/repository/com/fasterxml/jackson/datatype/jackson-datatype-jsr310/2.11.4/jackson-datatype-jsr310-2.11.4.jar:/Users/salah/.m2/repository/com/fasterxml/jackson/module/jackson-module-parameter-names/2.11.4/jackson-module-parameter-names-2.11.4.jar:/Users/salah/.m2/repository/org/springframework/boot/spring-boot-starter-tomcat/2.4.4/spring-boot-starter-tomcat-2.4.4.jar:/Users/salah/.m2/repository/org/apache/tomcat/embed/tomcat-embed-core/9.0.44/tomcat-embed-core-9.0.44.jar:/Users/salah/.m2/repository/org/glassfish/jakarta.el/3.0.3/jakarta.el-3.0.3.jar:/Users/salah/.m2/repository/org/apache/tomcat/embed/tomcat-embed-websocket/9.0.44/tomcat-embed-websocket-9.0.44.jar:/Users/salah/.m2/repository/org/springframework/spring-web/5.3.5/spring-web-5.3.5.jar:/Users/salah/.m2/repository/org/springframework/spring-webmvc/5.3.5/spring-webmvc-5.3.5.jar:/Users/salah/.m2/repository/org/springframework/spring-expression/5.3.5/spring-expression-5.3.5.jar:/Users/salah/.m2/repository/org/springframework/boot/spring-boot-devtools/2.4.4/spring-boot-devtools-2.4.4.jar:/Users/salah/.m2/repository/org/springframework/boot/spring-boot/2.4.4/spring-boot-2.4.4.jar:/Users/salah/.m2/repository/org/springframework/boot/spring-boot-autoconfigure/2.4.4/spring-boot-autoconfigure-2.4.4.jar:/Users/salah/.m2/repository/com/h2database/h2/1.4.200/h2-1.4.200.jar:/Users/salah/.m2/repository/org/postgresql/postgresql/42.2.19/postgresql-42.2.19.jar:/Users/salah/.m2/repository/org/checkerframework/checker-qual/3.5.0/checker-qual-3.5.0.jar:/Users/salah/.m2/repository/org/projectlombok/lombok/1.18.18/lombok-1.18.18.jar:/Users/salah/.m2/repository/org/springframework/boot/spring-boot-starter-test/2.4.4/spring-boot-starter-test-2.4.4.jar:/Users/salah/.m2/repository/org/springframework/boot/spring-boot-test/2.4.4/spring-boot-test-2.4.4.jar:/Users/salah/.m2/repository/org/springframework/boot/spring-boot-test-autoconfigure/2.4.4/spring-boot-test-autoconfigure-2.4.4.jar:/Users/salah/.m2/repository/com/jayway/jsonpath/json-path/2.4.0/json-path-2.4.0.jar:/Users/salah/.m2/repository/net/minidev/json-smart/2.3/json-smart-2.3.jar:/Users/salah/.m2/repository/net/minidev/accessors-smart/1.2/accessors-smart-1.2.jar:/Users/salah/.m2/repository/org/ow2/asm/asm/5.0.4/asm-5.0.4.jar:/Users/salah/.m2/repository/jakarta/xml/bind/jakarta.xml.bind-api/2.3.3/jakarta.xml.bind-api-2.3.3.jar:/Users/salah/.m2/repository/jakarta/activation/jakarta.activation-api/1.2.2/jakarta.activation-api-1.2.2.jar:/Users/salah/.m2/repository/org/assertj/assertj-core/3.18.1/assertj-core-3.18.1.jar:/Users/salah/.m2/repository/org/hamcrest/hamcrest/2.2/hamcrest-2.2.jar:/Users/salah/.m2/repository/org/junit/jupiter/junit-jupiter/5.7.1/junit-jupiter-5.7.1.jar:/Users/salah/.m2/repository/org/junit/jupiter/junit-jupiter-api/5.7.1/junit-jupiter-api-5.7.1.jar:/Users/salah/.m2/repository/org/apiguardian/apiguardian-api/1.1.0/apiguardian-api-1.1.0.jar:/Users/salah/.m2/repository/org/opentest4j/opentest4j/1.2.0/opentest4j-1.2.0.jar:/Users/salah/.m2/repository/org/junit/platform/junit-platform-commons/1.7.1/junit-platform-commons-1.7.1.jar:/Users/salah/.m2/repository/org/junit/jupiter/junit-jupiter-params/5.7.1/junit-jupiter-params-5.7.1.jar:/Users/salah/.m2/repository/org/junit/jupiter/junit-jupiter-engine/5.7.1/junit-jupiter-engine-5.7.1.jar:/Users/salah/.m2/repository/org/junit/platform/junit-platform-engine/1.7.1/junit-platform-engine-1.7.1.jar:/Users/salah/.m2/repository/org/mockito/mockito-core/3.6.28/mockito-core-3.6.28.jar:/Users/salah/.m2/repository/net/bytebuddy/byte-buddy-agent/1.10.22/byte-buddy-agent-1.10.22.jar:/Users/salah/.m2/repository/org/objenesis/objenesis/3.1/objenesis-3.1.jar:/Users/salah/.m2/repository/org/mockito/mockito-junit-jupiter/3.6.28/mockito-junit-jupiter-3.6.28.jar:/Users/salah/.m2/repository/org/skyscreamer/jsonassert/1.5.0/jsonassert-1.5.0.jar:/Users/salah/.m2/repository/com/vaadin/external/google/android-json/0.0.20131108.vaadin1/android-json-0.0.20131108.vaadin1.jar:/Users/salah/.m2/repository/org/springframework/spring-core/5.3.5/spring-core-5.3.5.jar:/Users/salah/.m2/repository/org/springframework/spring-jcl/5.3.5/spring-jcl-5.3.5.jar:/Users/salah/.m2/repository/org/springframework/spring-test/5.3.5/spring-test-5.3.5.jar:/Users/salah/.m2/repository/org/xmlunit/xmlunit-core/2.7.0/xmlunit-core-2.7.0.jar:"/>
    <property name="sun.cpu.endian" value="little"/>
    <property name="user.home" value="/Users/salah"/>
    <property name="user.language" value="fr"/>
    <property name="java.specification.vendor" value="Oracle Corporation"/>
    <property name="java.version.date" value="2020-10-20"/>
    <property name="java.home" value="/Library/Java/JavaVirtualMachines/jdk-11.0.9.jdk/Contents/Home"/>
    <property name="file.separator" value="/"/>
    <property name="basedir" value="/Users/salah/github/hikari"/>
    <property name="java.vm.compressedOopsMode" value="Zero based"/>
    <property name="line.separator" value="&#10;"/>
    <property name="java.specification.name" value="Java Platform API Specification"/>
    <property name="java.vm.specification.vendor" value="Oracle Corporation"/>
    <property name="java.awt.graphicsenv" value="sun.awt.CGraphicsEnvironment"/>
    <property name="surefire.real.class.path" value="/Users/salah/github/hikari/target/surefire/surefirebooter13339399909005808971.jar"/>
    <property name="sun.management.compiler" value="HotSpot 64-Bit Tiered Compilers"/>
    <property name="ftp.nonProxyHosts" value="local|*.local|169.254/16|*.169.254/16"/>
    <property name="java.runtime.version" value="11.0.9+7-LTS"/>
    <property name="user.name" value="salah"/>
    <property name="path.separator" value=":"/>
    <property name="os.version" value="10.16"/>
    <property name="java.runtime.name" value="Java(TM) SE Runtime Environment"/>
    <property name="file.encoding" value="UTF-8"/>
    <property name="java.vm.name" value="Java HotSpot(TM) 64-Bit Server VM"/>
    <property name="java.vendor.version" value="18.9"/>
    <property name="localRepository" value="/Users/salah/.m2/repository"/>
    <property name="java.vendor.url.bug" value="https://bugreport.java.com/bugreport/"/>
    <property name="java.io.tmpdir" value="/var/folders/m3/2nn7_5jd36zb4d63886n381w0000gn/T/"/>
    <property name="java.version" value="11.0.9"/>
    <property name="user.dir" value="/Users/salah/github/hikari"/>
    <property name="os.arch" value="x86_64"/>
    <property name="java.vm.specification.name" value="Java Virtual Machine Specification"/>
    <property name="java.awt.printerjob" value="sun.lwawt.macosx.CPrinterJob"/>
    <property name="sun.os.patch.level" value="unknown"/>
    <property name="java.library.path" value="/Users/salah/Library/Java/Extensions:/Library/Java/Extensions:/Network/Library/Java/Extensions:/System/Library/Java/Extensions:/usr/lib/java:."/>
    <property name="java.vendor" value="Oracle Corporation"/>
    <property name="java.vm.info" value="mixed mode"/>
    <property name="java.vm.version" value="11.0.9+7-LTS"/>
    <property name="sun.io.unicode.encoding" value="UnicodeBig"/>
    <property name="java.class.version" value="55.0"/>
    <property name="socksNonProxyHosts" value="local|*.local|169.254/16|*.169.254/16"/>
  </properties>
  <testcase name="contextLoads" classname="com.hikari.demo.DemoApplicationTests" time="0.002">
    <error message="Failed to load ApplicationContext" type="java.lang.IllegalStateException">java.lang.IllegalStateException: Failed to load ApplicationContext
Caused by: org.springframework.beans.factory.UnsatisfiedDependencyException: Error creating bean with name 'org.springframework.boot.autoconfigure.orm.jpa.HibernateJpaConfiguration': Unsatisfied dependency expressed through constructor parameter 0; nested exception is org.springframework.beans.factory.BeanCreationException: Error creating bean with name 'dataSource' defined in class path resource [org/springframework/boot/autoconfigure/jdbc/DataSourceConfiguration$Hikari.class]: Initialization of bean failed; nested exception is org.springframework.beans.factory.BeanCreationException: Error creating bean with name 'org.springframework.boot.autoconfigure.jdbc.DataSourceInitializerInvoker': Invocation of init method failed; nested exception is org.springframework.boot.context.properties.source.InvalidConfigurationPropertyValueException: Property spring.datasource.schema with value 'class path resource [autogenkey-schema.sql]' is invalid: No resources were found at location 'classpath:autogenkey-schema.sql'.
Caused by: org.springframework.beans.factory.BeanCreationException: Error creating bean with name 'dataSource' defined in class path resource [org/springframework/boot/autoconfigure/jdbc/DataSourceConfiguration$Hikari.class]: Initialization of bean failed; nested exception is org.springframework.beans.factory.BeanCreationException: Error creating bean with name 'org.springframework.boot.autoconfigure.jdbc.DataSourceInitializerInvoker': Invocation of init method failed; nested exception is org.springframework.boot.context.properties.source.InvalidConfigurationPropertyValueException: Property spring.datasource.schema with value 'class path resource [autogenkey-schema.sql]' is invalid: No resources were found at location 'classpath:autogenkey-schema.sql'.
Caused by: org.springframework.beans.factory.BeanCreationException: Error creating bean with name 'org.springframework.boot.autoconfigure.jdbc.DataSourceInitializerInvoker': Invocation of init method failed; nested exception is org.springframework.boot.context.properties.source.InvalidConfigurationPropertyValueException: Property spring.datasource.schema with value 'class path resource [autogenkey-schema.sql]' is invalid: No resources were found at location 'classpath:autogenkey-schema.sql'.
Caused by: org.springframework.boot.context.properties.source.InvalidConfigurationPropertyValueException: Property spring.datasource.schema with value 'class path resource [autogenkey-schema.sql]' is invalid: No resources were found at location 'classpath:autogenkey-schema.sql'.
</error>
    <system-out><![CDATA[06:31:40.420 [main] DEBUG org.springframework.test.context.BootstrapUtils - Instantiating CacheAwareContextLoaderDelegate from class [org.springframework.test.context.cache.DefaultCacheAwareContextLoaderDelegate]
06:31:40.428 [main] DEBUG org.springframework.test.context.BootstrapUtils - Instantiating BootstrapContext using constructor [public org.springframework.test.context.support.DefaultBootstrapContext(java.lang.Class,org.springframework.test.context.CacheAwareContextLoaderDelegate)]
06:31:40.453 [main] DEBUG org.springframework.test.context.BootstrapUtils - Instantiating TestContextBootstrapper for test class [com.hikari.demo.DemoApplicationTests] from class [org.springframework.boot.test.context.SpringBootTestContextBootstrapper]
06:31:40.460 [main] INFO org.springframework.boot.test.context.SpringBootTestContextBootstrapper - Neither @ContextConfiguration nor @ContextHierarchy found for test class [com.hikari.demo.DemoApplicationTests], using SpringBootContextLoader
06:31:40.462 [main] DEBUG org.springframework.test.context.support.AbstractContextLoader - Did not detect default resource location for test class [com.hikari.demo.DemoApplicationTests]: class path resource [com/hikari/demo/DemoApplicationTests-context.xml] does not exist
06:31:40.463 [main] DEBUG org.springframework.test.context.support.AbstractContextLoader - Did not detect default resource location for test class [com.hikari.demo.DemoApplicationTests]: class path resource [com/hikari/demo/DemoApplicationTestsContext.groovy] does not exist
06:31:40.463 [main] INFO org.springframework.test.context.support.AbstractContextLoader - Could not detect default resource locations for test class [com.hikari.demo.DemoApplicationTests]: no resource found for suffixes {-context.xml, Context.groovy}.
06:31:40.463 [main] INFO org.springframework.test.context.support.AnnotationConfigContextLoaderUtils - Could not detect default configuration classes for test class [com.hikari.demo.DemoApplicationTests]: DemoApplicationTests does not declare any static, non-private, non-final, nested classes annotated with @Configuration.
06:31:40.496 [main] DEBUG org.springframework.test.context.support.ActiveProfilesUtils - Could not find an 'annotation declaring class' for annotation type [org.springframework.test.context.ActiveProfiles] and class [com.hikari.demo.DemoApplicationTests]
06:31:40.540 [main] DEBUG org.springframework.context.annotation.ClassPathScanningCandidateComponentProvider - Identified candidate component class: file [/Users/salah/github/hikari/target/classes/com/hikari/demo/DemoApplication.class]
06:31:40.541 [main] INFO org.springframework.boot.test.context.SpringBootTestContextBootstrapper - Found @SpringBootConfiguration com.hikari.demo.DemoApplication for test class com.hikari.demo.DemoApplicationTests
06:31:40.615 [main] DEBUG org.springframework.boot.test.context.SpringBootTestContextBootstrapper - @TestExecutionListeners is not present for class [com.hikari.demo.DemoApplicationTests]: using defaults.
06:31:40.615 [main] INFO org.springframework.boot.test.context.SpringBootTestContextBootstrapper - Loaded default TestExecutionListener class names from location [META-INF/spring.factories]: [org.springframework.boot.test.mock.mockito.MockitoTestExecutionListener, org.springframework.boot.test.mock.mockito.ResetMocksTestExecutionListener, org.springframework.boot.test.autoconfigure.restdocs.RestDocsTestExecutionListener, org.springframework.boot.test.autoconfigure.web.client.MockRestServiceServerResetTestExecutionListener, org.springframework.boot.test.autoconfigure.web.servlet.MockMvcPrintOnlyOnFailureTestExecutionListener, org.springframework.boot.test.autoconfigure.web.servlet.WebDriverTestExecutionListener, org.springframework.boot.test.autoconfigure.webservices.client.MockWebServiceServerTestExecutionListener, org.springframework.test.context.web.ServletTestExecutionListener, org.springframework.test.context.support.DirtiesContextBeforeModesTestExecutionListener, org.springframework.test.context.event.ApplicationEventsTestExecutionListener, org.springframework.test.context.support.DependencyInjectionTestExecutionListener, org.springframework.test.context.support.DirtiesContextTestExecutionListener, org.springframework.test.context.transaction.TransactionalTestExecutionListener, org.springframework.test.context.jdbc.SqlScriptsTestExecutionListener, org.springframework.test.context.event.EventPublishingTestExecutionListener]
06:31:40.629 [main] INFO org.springframework.boot.test.context.SpringBootTestContextBootstrapper - Using TestExecutionListeners: [org.springframework.test.context.web.ServletTestExecutionListener@3d97a632, org.springframework.test.context.support.DirtiesContextBeforeModesTestExecutionListener@616fe72b, org.springframework.test.context.event.ApplicationEventsTestExecutionListener@37efd131, org.springframework.boot.test.mock.mockito.MockitoTestExecutionListener@7e7b159b, org.springframework.boot.test.autoconfigure.SpringBootDependencyInjectionTestExecutionListener@7e5d9a50, org.springframework.test.context.support.DirtiesContextTestExecutionListener@60957c0f, org.springframework.test.context.transaction.TransactionalTestExecutionListener@293a5f75, org.springframework.test.context.jdbc.SqlScriptsTestExecutionListener@fcb4004, org.springframework.test.context.event.EventPublishingTestExecutionListener@1dd6d4b7, org.springframework.boot.test.mock.mockito.ResetMocksTestExecutionListener@56e8b606, org.springframework.boot.test.autoconfigure.restdocs.RestDocsTestExecutionListener@2dd29a59, org.springframework.boot.test.autoconfigure.web.client.MockRestServiceServerResetTestExecutionListener@784c3487, org.springframework.boot.test.autoconfigure.web.servlet.MockMvcPrintOnlyOnFailureTestExecutionListener@53142455, org.springframework.boot.test.autoconfigure.web.servlet.WebDriverTestExecutionListener@40dff0b7, org.springframework.boot.test.autoconfigure.webservices.client.MockWebServiceServerTestExecutionListener@7966baa7]
06:31:40.633 [main] DEBUG org.springframework.test.context.support.AbstractDirtiesContextTestExecutionListener - Before test class: context [DefaultTestContext@3668d4 testClass = DemoApplicationTests, testInstance = [null], testMethod = [null], testException = [null], mergedContextConfiguration = [WebMergedContextConfiguration@1c3b9394 testClass = DemoApplicationTests, locations = '{}', classes = '{class com.hikari.demo.DemoApplication}', contextInitializerClasses = '[]', activeProfiles = '{}', propertySourceLocations = '{}', propertySourceProperties = '{org.springframework.boot.test.context.SpringBootTestContextBootstrapper=true}', contextCustomizers = set[org.springframework.boot.test.context.filter.ExcludeFilterContextCustomizer@20bd8be5, org.springframework.boot.test.json.DuplicateJsonObjectContextCustomizerFactory$DuplicateJsonObjectContextCustomizer@10289886, org.springframework.boot.test.mock.mockito.MockitoContextCustomizer@0, org.springframework.boot.test.web.client.TestRestTemplateContextCustomizer@45efd90f, org.springframework.boot.test.autoconfigure.actuate.metrics.MetricsExportContextCustomizerFactory$DisableMetricExportContextCustomizer@2f01783a, org.springframework.boot.test.autoconfigure.properties.PropertyMappingContextCustomizer@0, org.springframework.boot.test.autoconfigure.web.servlet.WebDriverContextCustomizerFactory$Customizer@536dbea0, org.springframework.boot.test.context.SpringBootTestArgs@1, org.springframework.boot.test.context.SpringBootTestWebEnvironment@1677d1], resourceBasePath = 'src/main/webapp', contextLoader = 'org.springframework.boot.test.context.SpringBootContextLoader', parent = [null]], attributes = map['org.springframework.test.context.web.ServletTestExecutionListener.activateListener' -> true]], class annotated with @DirtiesContext [false] with mode [null].
06:31:40.656 [main] DEBUG org.springframework.test.context.support.TestPropertySourceUtils - Adding inlined properties to environment: {spring.jmx.enabled=false, org.springframework.boot.test.context.SpringBootTestContextBootstrapper=true}

  .   ____          _            __ _ _
 /\\ / ___'_ __ _ _(_)_ __  __ _ \ \ \ \
( ( )\___ | '_ | '_| | '_ \/ _` | \ \ \ \
 \\/  ___)| |_)| | | | | || (_| |  ) ) ) )
  '  |____| .__|_| |_|_| |_\__, | / / / /
 =========|_|==============|___/=/_/_/_/
 :: Spring Boot ::                (v2.4.4)

2021-04-18 06:31:45.867  INFO 48439 --- [           main] com.hikari.demo.DemoApplicationTests     : Starting DemoApplicationTests using Java 11.0.9 on MacBook-Pro-de-Salah.local with PID 48439 (started by salah in /Users/salah/github/hikari)
2021-04-18 06:31:45.869  INFO 48439 --- [           main] com.hikari.demo.DemoApplicationTests     : No active profile set, falling back to default profiles: default
2021-04-18 06:31:46.298  INFO 48439 --- [           main] .s.d.r.c.RepositoryConfigurationDelegate : Bootstrapping Spring Data JPA repositories in DEFAULT mode.
2021-04-18 06:31:46.306  INFO 48439 --- [           main] .s.d.r.c.RepositoryConfigurationDelegate : Finished Spring Data repository scanning in 3 ms. Found 0 JPA repository interfaces.
2021-04-18 06:31:46.645  WARN 48439 --- [           main] o.s.w.c.s.GenericWebApplicationContext   : Exception encountered during context initialization - cancelling refresh attempt: org.springframework.beans.factory.UnsatisfiedDependencyException: Error creating bean with name 'org.springframework.boot.autoconfigure.orm.jpa.HibernateJpaConfiguration': Unsatisfied dependency expressed through constructor parameter 0; nested exception is org.springframework.beans.factory.BeanCreationException: Error creating bean with name 'dataSource' defined in class path resource [org/springframework/boot/autoconfigure/jdbc/DataSourceConfiguration$Hikari.class]: Initialization of bean failed; nested exception is org.springframework.beans.factory.BeanCreationException: Error creating bean with name 'org.springframework.boot.autoconfigure.jdbc.DataSourceInitializerInvoker': Invocation of init method failed; nested exception is org.springframework.boot.context.properties.source.InvalidConfigurationPropertyValueException: Property spring.datasource.schema with value 'class path resource [autogenkey-schema.sql]' is invalid: No resources were found at location 'classpath:autogenkey-schema.sql'.
2021-04-18 06:31:46.652  INFO 48439 --- [           main] ConditionEvaluationReportLoggingListener : 

Error starting ApplicationContext. To display the conditions report re-run your application with 'debug' enabled.
2021-04-18 06:31:46.665 ERROR 48439 --- [           main] o.s.b.d.LoggingFailureAnalysisReporter   : 

***************************
APPLICATION FAILED TO START
***************************

Description:

Invalid value 'classpath:autogenkey-schema.sql' for configuration property 'spring.datasource.schema' (originating from 'class path resource [application.properties] - 13:26'). Validation failed for the following reason:

No resources were found at location 'classpath:autogenkey-schema.sql'.

Action:

Review the value of the property with the provided reason.

2021-04-18 06:31:46.669 ERROR 48439 --- [           main] o.s.test.context.TestContextManager      : Caught exception while allowing TestExecutionListener [org.springframework.test.context.web.ServletTestExecutionListener@3d97a632] to prepare test instance [com.hikari.demo.DemoApplicationTests@688a2c09]

java.lang.IllegalStateException: Failed to load ApplicationContext
	at org.springframework.test.context.cache.DefaultCacheAwareContextLoaderDelegate.loadContext(DefaultCacheAwareContextLoaderDelegate.java:132) ~[spring-test-5.3.5.jar:5.3.5]
	at org.springframework.test.context.support.DefaultTestContext.getApplicationContext(DefaultTestContext.java:124) ~[spring-test-5.3.5.jar:5.3.5]
	at org.springframework.test.context.web.ServletTestExecutionListener.setUpRequestContextIfNecessary(ServletTestExecutionListener.java:190) ~[spring-test-5.3.5.jar:5.3.5]
	at org.springframework.test.context.web.ServletTestExecutionListener.prepareTestInstance(ServletTestExecutionListener.java:132) ~[spring-test-5.3.5.jar:5.3.5]
	at org.springframework.test.context.TestContextManager.prepareTestInstance(TestContextManager.java:244) ~[spring-test-5.3.5.jar:5.3.5]
	at org.springframework.test.context.junit.jupiter.SpringExtension.postProcessTestInstance(SpringExtension.java:138) ~[spring-test-5.3.5.jar:5.3.5]
	at org.junit.jupiter.engine.descriptor.ClassBasedTestDescriptor.lambda$invokeTestInstancePostProcessors$6(ClassBasedTestDescriptor.java:350) ~[junit-jupiter-engine-5.7.1.jar:5.7.1]
	at org.junit.jupiter.engine.descriptor.ClassBasedTestDescriptor.executeAndMaskThrowable(ClassBasedTestDescriptor.java:355) ~[junit-jupiter-engine-5.7.1.jar:5.7.1]
	at org.junit.jupiter.engine.descriptor.ClassBasedTestDescriptor.lambda$invokeTestInstancePostProcessors$7(ClassBasedTestDescriptor.java:350) ~[junit-jupiter-engine-5.7.1.jar:5.7.1]
	at java.base/java.util.stream.ReferencePipeline$3$1.accept(ReferencePipeline.java:195) ~[na:na]
	at java.base/java.util.stream.ReferencePipeline$2$1.accept(ReferencePipeline.java:177) ~[na:na]
	at java.base/java.util.ArrayList$ArrayListSpliterator.forEachRemaining(ArrayList.java:1655) ~[na:na]
	at java.base/java.util.stream.AbstractPipeline.copyInto(AbstractPipeline.java:484) ~[na:na]
	at java.base/java.util.stream.AbstractPipeline.wrapAndCopyInto(AbstractPipeline.java:474) ~[na:na]
	at java.base/java.util.stream.StreamSpliterators$WrappingSpliterator.forEachRemaining(StreamSpliterators.java:312) ~[na:na]
	at java.base/java.util.stream.Streams$ConcatSpliterator.forEachRemaining(Streams.java:735) ~[na:na]
	at java.base/java.util.stream.Streams$ConcatSpliterator.forEachRemaining(Streams.java:734) ~[na:na]
	at java.base/java.util.stream.ReferencePipeline$Head.forEach(ReferencePipeline.java:658) ~[na:na]
	at org.junit.jupiter.engine.descriptor.ClassBasedTestDescriptor.invokeTestInstancePostProcessors(ClassBasedTestDescriptor.java:349) ~[junit-jupiter-engine-5.7.1.jar:5.7.1]
	at org.junit.jupiter.engine.descriptor.ClassBasedTestDescriptor.lambda$instantiateAndPostProcessTestInstance$4(ClassBasedTestDescriptor.java:270) ~[junit-jupiter-engine-5.7.1.jar:5.7.1]
	at org.junit.platform.engine.support.hierarchical.ThrowableCollector.execute(ThrowableCollector.java:73) ~[junit-platform-engine-1.7.1.jar:1.7.1]
	at org.junit.jupiter.engine.descriptor.ClassBasedTestDescriptor.instantiateAndPostProcessTestInstance(ClassBasedTestDescriptor.java:269) ~[junit-jupiter-engine-5.7.1.jar:5.7.1]
	at org.junit.jupiter.engine.descriptor.ClassBasedTestDescriptor.lambda$testInstancesProvider$2(ClassBasedTestDescriptor.java:259) ~[junit-jupiter-engine-5.7.1.jar:5.7.1]
	at java.base/java.util.Optional.orElseGet(Optional.java:369) ~[na:na]
	at org.junit.jupiter.engine.descriptor.ClassBasedTestDescriptor.lambda$testInstancesProvider$3(ClassBasedTestDescriptor.java:258) ~[junit-jupiter-engine-5.7.1.jar:5.7.1]
	at org.junit.jupiter.engine.execution.TestInstancesProvider.getTestInstances(TestInstancesProvider.java:31) ~[junit-jupiter-engine-5.7.1.jar:5.7.1]
	at org.junit.jupiter.engine.descriptor.TestMethodTestDescriptor.lambda$prepare$0(TestMethodTestDescriptor.java:101) ~[junit-jupiter-engine-5.7.1.jar:5.7.1]
	at org.junit.platform.engine.support.hierarchical.ThrowableCollector.execute(ThrowableCollector.java:73) ~[junit-platform-engine-1.7.1.jar:1.7.1]
	at org.junit.jupiter.engine.descriptor.TestMethodTestDescriptor.prepare(TestMethodTestDescriptor.java:100) ~[junit-jupiter-engine-5.7.1.jar:5.7.1]
	at org.junit.jupiter.engine.descriptor.TestMethodTestDescriptor.prepare(TestMethodTestDescriptor.java:65) ~[junit-jupiter-engine-5.7.1.jar:5.7.1]
	at org.junit.platform.engine.support.hierarchical.NodeTestTask.lambda$prepare$1(NodeTestTask.java:111) ~[junit-platform-engine-1.7.1.jar:1.7.1]
	at org.junit.platform.engine.support.hierarchical.ThrowableCollector.execute(ThrowableCollector.java:73) ~[junit-platform-engine-1.7.1.jar:1.7.1]
	at org.junit.platform.engine.support.hierarchical.NodeTestTask.prepare(NodeTestTask.java:111) ~[junit-platform-engine-1.7.1.jar:1.7.1]
	at org.junit.platform.engine.support.hierarchical.NodeTestTask.execute(NodeTestTask.java:79) ~[junit-platform-engine-1.7.1.jar:1.7.1]
	at java.base/java.util.ArrayList.forEach(ArrayList.java:1541) ~[na:na]
	at org.junit.platform.engine.support.hierarchical.SameThreadHierarchicalTestExecutorService.invokeAll(SameThreadHierarchicalTestExecutorService.java:38) ~[junit-platform-engine-1.7.1.jar:1.7.1]
	at org.junit.platform.engine.support.hierarchical.NodeTestTask.lambda$executeRecursively$5(NodeTestTask.java:143) ~[junit-platform-engine-1.7.1.jar:1.7.1]
	at org.junit.platform.engine.support.hierarchical.ThrowableCollector.execute(ThrowableCollector.java:73) ~[junit-platform-engine-1.7.1.jar:1.7.1]
	at org.junit.platform.engine.support.hierarchical.NodeTestTask.lambda$executeRecursively$7(NodeTestTask.java:129) ~[junit-platform-engine-1.7.1.jar:1.7.1]
	at org.junit.platform.engine.support.hierarchical.Node.around(Node.java:137) ~[junit-platform-engine-1.7.1.jar:1.7.1]
	at org.junit.platform.engine.support.hierarchical.NodeTestTask.lambda$executeRecursively$8(NodeTestTask.java:127) ~[junit-platform-engine-1.7.1.jar:1.7.1]
	at org.junit.platform.engine.support.hierarchical.ThrowableCollector.execute(ThrowableCollector.java:73) ~[junit-platform-engine-1.7.1.jar:1.7.1]
	at org.junit.platform.engine.support.hierarchical.NodeTestTask.executeRecursively(NodeTestTask.java:126) ~[junit-platform-engine-1.7.1.jar:1.7.1]
	at org.junit.platform.engine.support.hierarchical.NodeTestTask.execute(NodeTestTask.java:84) ~[junit-platform-engine-1.7.1.jar:1.7.1]
	at java.base/java.util.ArrayList.forEach(ArrayList.java:1541) ~[na:na]
	at org.junit.platform.engine.support.hierarchical.SameThreadHierarchicalTestExecutorService.invokeAll(SameThreadHierarchicalTestExecutorService.java:38) ~[junit-platform-engine-1.7.1.jar:1.7.1]
	at org.junit.platform.engine.support.hierarchical.NodeTestTask.lambda$executeRecursively$5(NodeTestTask.java:143) ~[junit-platform-engine-1.7.1.jar:1.7.1]
	at org.junit.platform.engine.support.hierarchical.ThrowableCollector.execute(ThrowableCollector.java:73) ~[junit-platform-engine-1.7.1.jar:1.7.1]
	at org.junit.platform.engine.support.hierarchical.NodeTestTask.lambda$executeRecursively$7(NodeTestTask.java:129) ~[junit-platform-engine-1.7.1.jar:1.7.1]
	at org.junit.platform.engine.support.hierarchical.Node.around(Node.java:137) ~[junit-platform-engine-1.7.1.jar:1.7.1]
	at org.junit.platform.engine.support.hierarchical.NodeTestTask.lambda$executeRecursively$8(NodeTestTask.java:127) ~[junit-platform-engine-1.7.1.jar:1.7.1]
	at org.junit.platform.engine.support.hierarchical.ThrowableCollector.execute(ThrowableCollector.java:73) ~[junit-platform-engine-1.7.1.jar:1.7.1]
	at org.junit.platform.engine.support.hierarchical.NodeTestTask.executeRecursively(NodeTestTask.java:126) ~[junit-platform-engine-1.7.1.jar:1.7.1]
	at org.junit.platform.engine.support.hierarchical.NodeTestTask.execute(NodeTestTask.java:84) ~[junit-platform-engine-1.7.1.jar:1.7.1]
	at org.junit.platform.engine.support.hierarchical.SameThreadHierarchicalTestExecutorService.submit(SameThreadHierarchicalTestExecutorService.java:32) ~[junit-platform-engine-1.7.1.jar:1.7.1]
	at org.junit.platform.engine.support.hierarchical.HierarchicalTestExecutor.execute(HierarchicalTestExecutor.java:57) ~[junit-platform-engine-1.7.1.jar:1.7.1]
	at org.junit.platform.engine.support.hierarchical.HierarchicalTestEngine.execute(HierarchicalTestEngine.java:51) ~[junit-platform-engine-1.7.1.jar:1.7.1]
	at org.junit.platform.launcher.core.DefaultLauncher.execute(DefaultLauncher.java:220) ~[junit-platform-launcher-1.3.1.jar:1.3.1]
	at org.junit.platform.launcher.core.DefaultLauncher.lambda$execute$6(DefaultLauncher.java:188) ~[junit-platform-launcher-1.3.1.jar:1.3.1]
	at org.junit.platform.launcher.core.DefaultLauncher.withInterceptedStreams(DefaultLauncher.java:202) ~[junit-platform-launcher-1.3.1.jar:1.3.1]
	at org.junit.platform.launcher.core.DefaultLauncher.execute(DefaultLauncher.java:181) ~[junit-platform-launcher-1.3.1.jar:1.3.1]
	at org.junit.platform.launcher.core.DefaultLauncher.execute(DefaultLauncher.java:128) ~[junit-platform-launcher-1.3.1.jar:1.3.1]
	at org.apache.maven.surefire.junitplatform.JUnitPlatformProvider.invokeAllTests(JUnitPlatformProvider.java:150) ~[surefire-junit-platform-2.22.2.jar:2.22.2]
	at org.apache.maven.surefire.junitplatform.JUnitPlatformProvider.invoke(JUnitPlatformProvider.java:124) ~[surefire-junit-platform-2.22.2.jar:2.22.2]
	at org.apache.maven.surefire.booter.ForkedBooter.invokeProviderInSameClassLoader(ForkedBooter.java:384) ~[surefire-booter-2.22.2.jar:2.22.2]
	at org.apache.maven.surefire.booter.ForkedBooter.runSuitesInProcess(ForkedBooter.java:345) ~[surefire-booter-2.22.2.jar:2.22.2]
	at org.apache.maven.surefire.booter.ForkedBooter.execute(ForkedBooter.java:126) ~[surefire-booter-2.22.2.jar:2.22.2]
	at org.apache.maven.surefire.booter.ForkedBooter.main(ForkedBooter.java:418) ~[surefire-booter-2.22.2.jar:2.22.2]
Caused by: org.springframework.beans.factory.UnsatisfiedDependencyException: Error creating bean with name 'org.springframework.boot.autoconfigure.orm.jpa.HibernateJpaConfiguration': Unsatisfied dependency expressed through constructor parameter 0; nested exception is org.springframework.beans.factory.BeanCreationException: Error creating bean with name 'dataSource' defined in class path resource [org/springframework/boot/autoconfigure/jdbc/DataSourceConfiguration$Hikari.class]: Initialization of bean failed; nested exception is org.springframework.beans.factory.BeanCreationException: Error creating bean with name 'org.springframework.boot.autoconfigure.jdbc.DataSourceInitializerInvoker': Invocation of init method failed; nested exception is org.springframework.boot.context.properties.source.InvalidConfigurationPropertyValueException: Property spring.datasource.schema with value 'class path resource [autogenkey-schema.sql]' is invalid: No resources were found at location 'classpath:autogenkey-schema.sql'.
	at org.springframework.beans.factory.support.ConstructorResolver.createArgumentArray(ConstructorResolver.java:800) ~[spring-beans-5.3.5.jar:5.3.5]
	at org.springframework.beans.factory.support.ConstructorResolver.autowireConstructor(ConstructorResolver.java:229) ~[spring-beans-5.3.5.jar:5.3.5]
	at org.springframework.beans.factory.support.AbstractAutowireCapableBeanFactory.autowireConstructor(AbstractAutowireCapableBeanFactory.java:1354) ~[spring-beans-5.3.5.jar:5.3.5]
	at org.springframework.beans.factory.support.AbstractAutowireCapableBeanFactory.createBeanInstance(AbstractAutowireCapableBeanFactory.java:1204) ~[spring-beans-5.3.5.jar:5.3.5]
	at org.springframework.beans.factory.support.AbstractAutowireCapableBeanFactory.doCreateBean(AbstractAutowireCapableBeanFactory.java:564) ~[spring-beans-5.3.5.jar:5.3.5]
	at org.springframework.beans.factory.support.AbstractAutowireCapableBeanFactory.createBean(AbstractAutowireCapableBeanFactory.java:524) ~[spring-beans-5.3.5.jar:5.3.5]
	at org.springframework.beans.factory.support.AbstractBeanFactory.lambda$doGetBean$0(AbstractBeanFactory.java:335) ~[spring-beans-5.3.5.jar:5.3.5]
	at org.springframework.beans.factory.support.DefaultSingletonBeanRegistry.getSingleton(DefaultSingletonBeanRegistry.java:234) ~[spring-beans-5.3.5.jar:5.3.5]
	at org.springframework.beans.factory.support.AbstractBeanFactory.doGetBean(AbstractBeanFactory.java:333) ~[spring-beans-5.3.5.jar:5.3.5]
	at org.springframework.beans.factory.support.AbstractBeanFactory.getBean(AbstractBeanFactory.java:208) ~[spring-beans-5.3.5.jar:5.3.5]
	at org.springframework.beans.factory.support.ConstructorResolver.instantiateUsingFactoryMethod(ConstructorResolver.java:410) ~[spring-beans-5.3.5.jar:5.3.5]
	at org.springframework.beans.factory.support.AbstractAutowireCapableBeanFactory.instantiateUsingFactoryMethod(AbstractAutowireCapableBeanFactory.java:1334) ~[spring-beans-5.3.5.jar:5.3.5]
	at org.springframework.beans.factory.support.AbstractAutowireCapableBeanFactory.createBeanInstance(AbstractAutowireCapableBeanFactory.java:1177) ~[spring-beans-5.3.5.jar:5.3.5]
	at org.springframework.beans.factory.support.AbstractAutowireCapableBeanFactory.doCreateBean(AbstractAutowireCapableBeanFactory.java:564) ~[spring-beans-5.3.5.jar:5.3.5]
	at org.springframework.beans.factory.support.AbstractAutowireCapableBeanFactory.createBean(AbstractAutowireCapableBeanFactory.java:524) ~[spring-beans-5.3.5.jar:5.3.5]
	at org.springframework.beans.factory.support.AbstractBeanFactory.lambda$doGetBean$0(AbstractBeanFactory.java:335) ~[spring-beans-5.3.5.jar:5.3.5]
	at org.springframework.beans.factory.support.DefaultSingletonBeanRegistry.getSingleton(DefaultSingletonBeanRegistry.java:234) ~[spring-beans-5.3.5.jar:5.3.5]
	at org.springframework.beans.factory.support.AbstractBeanFactory.doGetBean(AbstractBeanFactory.java:333) ~[spring-beans-5.3.5.jar:5.3.5]
	at org.springframework.beans.factory.support.AbstractBeanFactory.getBean(AbstractBeanFactory.java:208) ~[spring-beans-5.3.5.jar:5.3.5]
	at org.springframework.context.support.AbstractApplicationContext.getBean(AbstractApplicationContext.java:1154) ~[spring-context-5.3.5.jar:5.3.5]
	at org.springframework.context.support.AbstractApplicationContext.finishBeanFactoryInitialization(AbstractApplicationContext.java:908) ~[spring-context-5.3.5.jar:5.3.5]
	at org.springframework.context.support.AbstractApplicationContext.refresh(AbstractApplicationContext.java:583) ~[spring-context-5.3.5.jar:5.3.5]
	at org.springframework.boot.SpringApplication.refresh(SpringApplication.java:769) ~[spring-boot-2.4.4.jar:2.4.4]
	at org.springframework.boot.SpringApplication.refresh(SpringApplication.java:761) ~[spring-boot-2.4.4.jar:2.4.4]
	at org.springframework.boot.SpringApplication.refreshContext(SpringApplication.java:426) ~[spring-boot-2.4.4.jar:2.4.4]
	at org.springframework.boot.SpringApplication.run(SpringApplication.java:326) ~[spring-boot-2.4.4.jar:2.4.4]
	at org.springframework.boot.test.context.SpringBootContextLoader.loadContext(SpringBootContextLoader.java:123) ~[spring-boot-test-2.4.4.jar:2.4.4]
	at org.springframework.test.context.cache.DefaultCacheAwareContextLoaderDelegate.loadContextInternal(DefaultCacheAwareContextLoaderDelegate.java:99) ~[spring-test-5.3.5.jar:5.3.5]
	at org.springframework.test.context.cache.DefaultCacheAwareContextLoaderDelegate.loadContext(DefaultCacheAwareContextLoaderDelegate.java:124) ~[spring-test-5.3.5.jar:5.3.5]
	... 67 common frames omitted
Caused by: org.springframework.beans.factory.BeanCreationException: Error creating bean with name 'dataSource' defined in class path resource [org/springframework/boot/autoconfigure/jdbc/DataSourceConfiguration$Hikari.class]: Initialization of bean failed; nested exception is org.springframework.beans.factory.BeanCreationException: Error creating bean with name 'org.springframework.boot.autoconfigure.jdbc.DataSourceInitializerInvoker': Invocation of init method failed; nested exception is org.springframework.boot.context.properties.source.InvalidConfigurationPropertyValueException: Property spring.datasource.schema with value 'class path resource [autogenkey-schema.sql]' is invalid: No resources were found at location 'classpath:autogenkey-schema.sql'.
	at org.springframework.beans.factory.support.AbstractAutowireCapableBeanFactory.doCreateBean(AbstractAutowireCapableBeanFactory.java:610) ~[spring-beans-5.3.5.jar:5.3.5]
	at org.springframework.beans.factory.support.AbstractAutowireCapableBeanFactory.createBean(AbstractAutowireCapableBeanFactory.java:524) ~[spring-beans-5.3.5.jar:5.3.5]
	at org.springframework.beans.factory.support.AbstractBeanFactory.lambda$doGetBean$0(AbstractBeanFactory.java:335) ~[spring-beans-5.3.5.jar:5.3.5]
	at org.springframework.beans.factory.support.DefaultSingletonBeanRegistry.getSingleton(DefaultSingletonBeanRegistry.java:234) ~[spring-beans-5.3.5.jar:5.3.5]
	at org.springframework.beans.factory.support.AbstractBeanFactory.doGetBean(AbstractBeanFactory.java:333) ~[spring-beans-5.3.5.jar:5.3.5]
	at org.springframework.beans.factory.support.AbstractBeanFactory.getBean(AbstractBeanFactory.java:208) ~[spring-beans-5.3.5.jar:5.3.5]
	at org.springframework.beans.factory.config.DependencyDescriptor.resolveCandidate(DependencyDescriptor.java:276) ~[spring-beans-5.3.5.jar:5.3.5]
	at org.springframework.beans.factory.support.DefaultListableBeanFactory.doResolveDependency(DefaultListableBeanFactory.java:1380) ~[spring-beans-5.3.5.jar:5.3.5]
	at org.springframework.beans.factory.support.DefaultListableBeanFactory.resolveDependency(DefaultListableBeanFactory.java:1300) ~[spring-beans-5.3.5.jar:5.3.5]
	at org.springframework.beans.factory.support.ConstructorResolver.resolveAutowiredArgument(ConstructorResolver.java:887) ~[spring-beans-5.3.5.jar:5.3.5]
	at org.springframework.beans.factory.support.ConstructorResolver.createArgumentArray(ConstructorResolver.java:791) ~[spring-beans-5.3.5.jar:5.3.5]
	... 95 common frames omitted
Caused by: org.springframework.beans.factory.BeanCreationException: Error creating bean with name 'org.springframework.boot.autoconfigure.jdbc.DataSourceInitializerInvoker': Invocation of init method failed; nested exception is org.springframework.boot.context.properties.source.InvalidConfigurationPropertyValueException: Property spring.datasource.schema with value 'class path resource [autogenkey-schema.sql]' is invalid: No resources were found at location 'classpath:autogenkey-schema.sql'.
	at org.springframework.beans.factory.support.AbstractAutowireCapableBeanFactory.initializeBean(AbstractAutowireCapableBeanFactory.java:1786) ~[spring-beans-5.3.5.jar:5.3.5]
	at org.springframework.beans.factory.support.AbstractAutowireCapableBeanFactory.doCreateBean(AbstractAutowireCapableBeanFactory.java:602) ~[spring-beans-5.3.5.jar:5.3.5]
	at org.springframework.beans.factory.support.AbstractAutowireCapableBeanFactory.createBean(AbstractAutowireCapableBeanFactory.java:524) ~[spring-beans-5.3.5.jar:5.3.5]
	at org.springframework.beans.factory.support.AbstractBeanFactory.lambda$doGetBean$0(AbstractBeanFactory.java:335) ~[spring-beans-5.3.5.jar:5.3.5]
	at org.springframework.beans.factory.support.DefaultSingletonBeanRegistry.getSingleton(DefaultSingletonBeanRegistry.java:234) ~[spring-beans-5.3.5.jar:5.3.5]
	at org.springframework.beans.factory.support.AbstractBeanFactory.doGetBean(AbstractBeanFactory.java:333) ~[spring-beans-5.3.5.jar:5.3.5]
	at org.springframework.beans.factory.support.AbstractBeanFactory.getBean(AbstractBeanFactory.java:233) ~[spring-beans-5.3.5.jar:5.3.5]
	at org.springframework.beans.factory.support.DefaultListableBeanFactory.resolveNamedBean(DefaultListableBeanFactory.java:1273) ~[spring-beans-5.3.5.jar:5.3.5]
	at org.springframework.beans.factory.support.DefaultListableBeanFactory.resolveNamedBean(DefaultListableBeanFactory.java:1234) ~[spring-beans-5.3.5.jar:5.3.5]
	at org.springframework.beans.factory.support.DefaultListableBeanFactory.resolveBean(DefaultListableBeanFactory.java:494) ~[spring-beans-5.3.5.jar:5.3.5]
	at org.springframework.beans.factory.support.DefaultListableBeanFactory.getBean(DefaultListableBeanFactory.java:349) ~[spring-beans-5.3.5.jar:5.3.5]
	at org.springframework.beans.factory.support.DefaultListableBeanFactory.getBean(DefaultListableBeanFactory.java:342) ~[spring-beans-5.3.5.jar:5.3.5]
	at org.springframework.boot.autoconfigure.jdbc.DataSourceInitializerPostProcessor.postProcessAfterInitialization(DataSourceInitializerPostProcessor.java:51) ~[spring-boot-autoconfigure-2.4.4.jar:2.4.4]
	at org.springframework.beans.factory.support.AbstractAutowireCapableBeanFactory.applyBeanPostProcessorsAfterInitialization(AbstractAutowireCapableBeanFactory.java:437) ~[spring-beans-5.3.5.jar:5.3.5]
	at org.springframework.beans.factory.support.AbstractAutowireCapableBeanFactory.initializeBean(AbstractAutowireCapableBeanFactory.java:1790) ~[spring-beans-5.3.5.jar:5.3.5]
	at org.springframework.beans.factory.support.AbstractAutowireCapableBeanFactory.doCreateBean(AbstractAutowireCapableBeanFactory.java:602) ~[spring-beans-5.3.5.jar:5.3.5]
	... 105 common frames omitted
Caused by: org.springframework.boot.context.properties.source.InvalidConfigurationPropertyValueException: Property spring.datasource.schema with value 'class path resource [autogenkey-schema.sql]' is invalid: No resources were found at location 'classpath:autogenkey-schema.sql'.
	at org.springframework.boot.autoconfigure.jdbc.DataSourceInitializer.getResources(DataSourceInitializer.java:163) ~[spring-boot-autoconfigure-2.4.4.jar:2.4.4]
	at org.springframework.boot.autoconfigure.jdbc.DataSourceInitializer.getScripts(DataSourceInitializer.java:146) ~[spring-boot-autoconfigure-2.4.4.jar:2.4.4]
	at org.springframework.boot.autoconfigure.jdbc.DataSourceInitializer.createSchema(DataSourceInitializer.java:93) ~[spring-boot-autoconfigure-2.4.4.jar:2.4.4]
	at org.springframework.boot.autoconfigure.jdbc.DataSourceInitializerInvoker.afterPropertiesSet(DataSourceInitializerInvoker.java:63) ~[spring-boot-autoconfigure-2.4.4.jar:2.4.4]
	at org.springframework.beans.factory.support.AbstractAutowireCapableBeanFactory.invokeInitMethods(AbstractAutowireCapableBeanFactory.java:1845) ~[spring-beans-5.3.5.jar:5.3.5]
	at org.springframework.beans.factory.support.AbstractAutowireCapableBeanFactory.initializeBean(AbstractAutowireCapableBeanFactory.java:1782) ~[spring-beans-5.3.5.jar:5.3.5]
	... 120 common frames omitted

]]></system-out>
  </testcase>
</testsuite>